{"/Users/blenassefa/Documents/Current Resume/Techincal Assesments/book-management/Book-Inventory-Management/frontend/src/App.tsx": {"path":"/Users/blenassefa/Documents/Current Resume/Techincal Assesments/book-management/Book-Inventory-Management/frontend/src/App.tsx","statementMap":{"0":{"start":{"line":2,"column":0},"end":{"line":2,"column":69}},"1":{"start":{"line":3,"column":0},"end":{"line":3,"column":49}},"2":{"start":{"line":4,"column":0},"end":{"line":4,"column":54}},"3":{"start":{"line":5,"column":0},"end":{"line":5,"column":54}},"4":{"start":{"line":6,"column":0},"end":{"line":6,"column":48}},"5":{"start":{"line":8,"column":22},"end":{"line":20,"column":1}},"6":{"start":{"line":9,"column":2},"end":{"line":19,"column":4}},"7":{"start":{"line":22,"column":0},"end":{"line":22,"column":19}}},"fnMap":{"0":{"name":"(anonymous_1)","decl":{"start":{"line":8,"column":22},"end":{"line":8,"column":25}},"loc":{"start":{"line":8,"column":27},"end":{"line":20,"column":1}}}},"branchMap":{},"s":{"0":0,"1":0,"2":0,"3":0,"4":0,"5":0,"6":0,"7":0},"f":{"0":0},"b":{}}
,"/Users/blenassefa/Documents/Current Resume/Techincal Assesments/book-management/Book-Inventory-Management/frontend/src/index.tsx": {"path":"/Users/blenassefa/Documents/Current Resume/Techincal Assesments/book-management/Book-Inventory-Management/frontend/src/index.tsx","statementMap":{"0":{"start":{"line":3,"column":24},"end":{"line":5,"column":1}},"1":{"start":{"line":4,"column":2},"end":{"line":4,"column":36}},"2":{"start":{"line":7,"column":0},"end":{"line":7,"column":21}}},"fnMap":{"0":{"name":"(anonymous_0)","decl":{"start":{"line":3,"column":24},"end":{"line":3,"column":27}},"loc":{"start":{"line":3,"column":29},"end":{"line":5,"column":1}}}},"branchMap":{},"s":{"0":0,"1":0,"2":0},"f":{"0":0},"b":{}}
,"/Users/blenassefa/Documents/Current Resume/Techincal Assesments/book-management/Book-Inventory-Management/frontend/src/main.tsx": {"path":"/Users/blenassefa/Documents/Current Resume/Techincal Assesments/book-management/Book-Inventory-Management/frontend/src/main.tsx","statementMap":{"0":{"start":{"line":1,"column":0},"end":{"line":1,"column":35}},"1":{"start":{"line":2,"column":0},"end":{"line":2,"column":46}},"2":{"start":{"line":3,"column":0},"end":{"line":3,"column":21}},"3":{"start":{"line":4,"column":0},"end":{"line":4,"column":24}},"4":{"start":{"line":5,"column":0},"end":{"line":5,"column":39}},"5":{"start":{"line":6,"column":0},"end":{"line":6,"column":49}},"6":{"start":{"line":7,"column":0},"end":{"line":7,"column":38}},"7":{"start":{"line":9,"column":0},"end":{"line":17,"column":2}}},"fnMap":{},"branchMap":{},"s":{"0":0,"1":0,"2":0,"3":0,"4":0,"5":0,"6":0,"7":0},"f":{},"b":{}}
,"/Users/blenassefa/Documents/Current Resume/Techincal Assesments/book-management/Book-Inventory-Management/frontend/src/components/BookForm/BookForm.tsx": {"path":"/Users/blenassefa/Documents/Current Resume/Techincal Assesments/book-management/Book-Inventory-Management/frontend/src/components/BookForm/BookForm.tsx","statementMap":{"0":{"start":{"line":1,"column":0},"end":{"line":1,"column":44}},"1":{"start":{"line":2,"column":0},"end":{"line":2,"column":58}},"2":{"start":{"line":3,"column":0},"end":{"line":3,"column":55}},"3":{"start":{"line":6,"column":0},"end":{"line":6,"column":60}},"4":{"start":{"line":7,"column":0},"end":{"line":7,"column":54}},"5":{"start":{"line":8,"column":0},"end":{"line":8,"column":43}},"6":{"start":{"line":10,"column":17},"end":{"line":211,"column":1}},"7":{"start":{"line":11,"column":17},"end":{"line":11,"column":28}},"8":{"start":{"line":12,"column":19},"end":{"line":12,"column":32}},"9":{"start":{"line":13,"column":19},"end":{"line":13,"column":45}},"10":{"start":{"line":14,"column":20},"end":{"line":14,"column":66}},"11":{"start":{"line":14,"column":54},"end":{"line":14,"column":65}},"12":{"start":{"line":16,"column":34},"end":{"line":23,"column":4}},"13":{"start":{"line":25,"column":30},"end":{"line":25,"column":87}},"14":{"start":{"line":26,"column":32},"end":{"line":26,"column":69}},"15":{"start":{"line":28,"column":2},"end":{"line":36,"column":18}},"16":{"start":{"line":29,"column":4},"end":{"line":35,"column":5}},"17":{"start":{"line":30,"column":19},"end":{"line":30,"column":49}},"18":{"start":{"line":30,"column":37},"end":{"line":30,"column":48}},"19":{"start":{"line":31,"column":6},"end":{"line":34,"column":7}},"20":{"start":{"line":32,"column":39},"end":{"line":32,"column":43}},"21":{"start":{"line":32,"column":34},"end":{"line":32,"column":39}},"22":{"start":{"line":33,"column":8},"end":{"line":33,"column":30}},"23":{"start":{"line":38,"column":23},"end":{"line":58,"column":3}},"24":{"start":{"line":39,"column":28},"end":{"line":39,"column":36}},"25":{"start":{"line":43,"column":6},"end":{"line":43,"column":74}},"26":{"start":{"line":45,"column":4},"end":{"line":45,"column":61}},"27":{"start":{"line":45,"column":26},"end":{"line":45,"column":59}},"28":{"start":{"line":48,"column":4},"end":{"line":57,"column":5}},"29":{"start":{"line":49,"column":31},"end":{"line":51,"column":null}},"30":{"start":{"line":53,"column":6},"end":{"line":56,"column":10}},"31":{"start":{"line":53,"column":26},"end":{"line":55,"column":null}},"32":{"start":{"line":60,"column":21},"end":{"line":70,"column":3}},"33":{"start":{"line":61,"column":21},"end":{"line":61,"column":29}},"34":{"start":{"line":62,"column":4},"end":{"line":62,"column":54}},"35":{"start":{"line":62,"column":25},"end":{"line":62,"column":52}},"36":{"start":{"line":65,"column":29},"end":{"line":65,"column":51}},"37":{"start":{"line":66,"column":4},"end":{"line":69,"column":8}},"38":{"start":{"line":66,"column":24},"end":{"line":68,"column":null}},"39":{"start":{"line":72,"column":23},"end":{"line":88,"column":3}},"40":{"start":{"line":73,"column":4},"end":{"line":73,"column":23}},"41":{"start":{"line":76,"column":29},"end":{"line":76,"column":51}},"42":{"start":{"line":77,"column":4},"end":{"line":77,"column":32}},"43":{"start":{"line":80,"column":4},"end":{"line":87,"column":5}},"44":{"start":{"line":81,"column":6},"end":{"line":85,"column":7}},"45":{"start":{"line":82,"column":8},"end":{"line":82,"column":54}},"46":{"start":{"line":84,"column":8},"end":{"line":84,"column":70}},"47":{"start":{"line":86,"column":6},"end":{"line":86,"column":20}},"48":{"start":{"line":91,"column":24},"end":{"line":95,"column":3}},"49":{"start":{"line":92,"column":4},"end":{"line":94,"column":11}},"50":{"start":{"line":97,"column":2},"end":{"line":210,"column":4}},"51":{"start":{"line":213,"column":0},"end":{"line":213,"column":24}}},"fnMap":{"0":{"name":"(anonymous_2)","decl":{"start":{"line":10,"column":17},"end":{"line":10,"column":20}},"loc":{"start":{"line":10,"column":22},"end":{"line":211,"column":1}}},"1":{"name":"(anonymous_3)","decl":{"start":{"line":14,"column":32},"end":{"line":14,"column":33}},"loc":{"start":{"line":14,"column":54},"end":{"line":14,"column":65}}},"2":{"name":"(anonymous_4)","decl":{"start":{"line":28,"column":12},"end":{"line":28,"column":15}},"loc":{"start":{"line":28,"column":17},"end":{"line":36,"column":3}}},"3":{"name":"(anonymous_5)","decl":{"start":{"line":30,"column":30},"end":{"line":30,"column":31}},"loc":{"start":{"line":30,"column":37},"end":{"line":30,"column":48}}},"4":{"name":"(anonymous_6)","decl":{"start":{"line":38,"column":23},"end":{"line":38,"column":24}},"loc":{"start":{"line":38,"column":66},"end":{"line":58,"column":3}}},"5":{"name":"(anonymous_7)","decl":{"start":{"line":45,"column":16},"end":{"line":45,"column":17}},"loc":{"start":{"line":45,"column":26},"end":{"line":45,"column":59}}},"6":{"name":"(anonymous_8)","decl":{"start":{"line":53,"column":16},"end":{"line":53,"column":17}},"loc":{"start":{"line":53,"column":26},"end":{"line":55,"column":null}}},"7":{"name":"(anonymous_9)","decl":{"start":{"line":60,"column":21},"end":{"line":60,"column":22}},"loc":{"start":{"line":60,"column":63},"end":{"line":70,"column":3}}},"8":{"name":"(anonymous_10)","decl":{"start":{"line":62,"column":15},"end":{"line":62,"column":16}},"loc":{"start":{"line":62,"column":25},"end":{"line":62,"column":52}}},"9":{"name":"(anonymous_11)","decl":{"start":{"line":66,"column":14},"end":{"line":66,"column":15}},"loc":{"start":{"line":66,"column":24},"end":{"line":68,"column":null}}},"10":{"name":"(anonymous_12)","decl":{"start":{"line":72,"column":23},"end":{"line":72,"column":24}},"loc":{"start":{"line":72,"column":46},"end":{"line":88,"column":3}}},"11":{"name":"(anonymous_13)","decl":{"start":{"line":91,"column":24},"end":{"line":91,"column":25}},"loc":{"start":{"line":91,"column":46},"end":{"line":95,"column":3}}}},"branchMap":{"0":{"loc":{"start":{"line":29,"column":4},"end":{"line":35,"column":5}},"type":"if","locations":[{"start":{"line":29,"column":4},"end":{"line":35,"column":5}}]},"1":{"loc":{"start":{"line":31,"column":6},"end":{"line":34,"column":7}},"type":"if","locations":[{"start":{"line":31,"column":6},"end":{"line":34,"column":7}}]},"2":{"loc":{"start":{"line":43,"column":6},"end":{"line":43,"column":74}},"type":"cond-expr","locations":[{"start":{"line":43,"column":53},"end":{"line":43,"column":66}},{"start":{"line":43,"column":69},"end":{"line":43,"column":74}}]},"3":{"loc":{"start":{"line":43,"column":6},"end":{"line":43,"column":50}},"type":"binary-expr","locations":[{"start":{"line":43,"column":6},"end":{"line":43,"column":30}},{"start":{"line":43,"column":34},"end":{"line":43,"column":50}}]},"4":{"loc":{"start":{"line":48,"column":4},"end":{"line":57,"column":5}},"type":"if","locations":[{"start":{"line":48,"column":4},"end":{"line":57,"column":5}}]},"5":{"loc":{"start":{"line":80,"column":4},"end":{"line":87,"column":5}},"type":"if","locations":[{"start":{"line":80,"column":4},"end":{"line":87,"column":5}}]},"6":{"loc":{"start":{"line":81,"column":6},"end":{"line":85,"column":7}},"type":"if","locations":[{"start":{"line":81,"column":6},"end":{"line":85,"column":7}},{"start":{"line":83,"column":13},"end":{"line":85,"column":7}}]},"7":{"loc":{"start":{"line":92,"column":11},"end":{"line":94,"column":10}},"type":"cond-expr","locations":[{"start":{"line":93,"column":8},"end":{"line":93,"column":25}},{"start":{"line":94,"column":8},"end":{"line":94,"column":10}}]},"8":{"loc":{"start":{"line":92,"column":11},"end":{"line":92,"column":72}},"type":"binary-expr","locations":[{"start":{"line":92,"column":11},"end":{"line":92,"column":29}},{"start":{"line":92,"column":33},"end":{"line":92,"column":72}}]},"9":{"loc":{"start":{"line":99,"column":11},"end":{"line":99,"column":40}},"type":"cond-expr","locations":[{"start":{"line":99,"column":16},"end":{"line":99,"column":27}},{"start":{"line":99,"column":30},"end":{"line":99,"column":40}}]},"10":{"loc":{"start":{"line":113,"column":11},"end":{"line":114,"column":null}},"type":"binary-expr","locations":[{"start":{"line":113,"column":11},"end":{"line":113,"column":24}},{"start":{"line":113,"column":28},"end":{"line":113,"column":40}},{"start":{"line":114,"column":12},"end":{"line":114,"column":68}}]},"11":{"loc":{"start":{"line":130,"column":11},"end":{"line":131,"column":null}},"type":"binary-expr","locations":[{"start":{"line":130,"column":11},"end":{"line":130,"column":25}},{"start":{"line":130,"column":29},"end":{"line":130,"column":42}},{"start":{"line":131,"column":12},"end":{"line":131,"column":69}}]},"12":{"loc":{"start":{"line":147,"column":11},"end":{"line":148,"column":null}},"type":"binary-expr","locations":[{"start":{"line":147,"column":11},"end":{"line":147,"column":23}},{"start":{"line":147,"column":27},"end":{"line":147,"column":38}},{"start":{"line":148,"column":12},"end":{"line":148,"column":67}}]},"13":{"loc":{"start":{"line":166,"column":11},"end":{"line":167,"column":null}},"type":"binary-expr","locations":[{"start":{"line":166,"column":11},"end":{"line":166,"column":32}},{"start":{"line":166,"column":36},"end":{"line":166,"column":56}},{"start":{"line":167,"column":12},"end":{"line":167,"column":76}}]},"14":{"loc":{"start":{"line":182,"column":11},"end":{"line":183,"column":null}},"type":"binary-expr","locations":[{"start":{"line":182,"column":11},"end":{"line":182,"column":24}},{"start":{"line":182,"column":28},"end":{"line":182,"column":40}},{"start":{"line":183,"column":12},"end":{"line":183,"column":68}}]},"15":{"loc":{"start":{"line":200,"column":11},"end":{"line":201,"column":null}},"type":"binary-expr","locations":[{"start":{"line":200,"column":11},"end":{"line":200,"column":24}},{"start":{"line":200,"column":28},"end":{"line":200,"column":40}},{"start":{"line":201,"column":12},"end":{"line":201,"column":68}}]},"16":{"loc":{"start":{"line":206,"column":11},"end":{"line":206,"column":42}},"type":"cond-expr","locations":[{"start":{"line":206,"column":16},"end":{"line":206,"column":29}},{"start":{"line":206,"column":32},"end":{"line":206,"column":42}}]}},"s":{"0":1,"1":1,"2":1,"3":1,"4":1,"5":1,"6":1,"7":5,"8":5,"9":5,"10":5,"11":8,"12":5,"13":5,"14":5,"15":5,"16":3,"17":1,"18":1,"19":1,"20":1,"21":1,"22":1,"23":5,"24":1,"25":1,"26":1,"27":1,"28":1,"29":0,"30":0,"31":0,"32":5,"33":0,"34":0,"35":0,"36":0,"37":0,"38":0,"39":5,"40":0,"41":0,"42":0,"43":0,"44":0,"45":0,"46":0,"47":0,"48":5,"49":30,"50":5,"51":1},"f":{"0":5,"1":8,"2":3,"3":1,"4":1,"5":1,"6":0,"7":0,"8":0,"9":0,"10":0,"11":30},"b":{"0":[1],"1":[1],"2":[0,1],"3":[1,1],"4":[0],"5":[0],"6":[0,0],"7":[0,30],"8":[30,0],"9":[2,3],"10":[5,0,0],"11":[5,0,0],"12":[5,0,0],"13":[5,0,0],"14":[5,0,0],"15":[5,0,0],"16":[2,3]}}
,"/Users/blenassefa/Documents/Current Resume/Techincal Assesments/book-management/Book-Inventory-Management/frontend/src/components/BookList/BookList.tsx": {"path":"/Users/blenassefa/Documents/Current Resume/Techincal Assesments/book-management/Book-Inventory-Management/frontend/src/components/BookList/BookList.tsx","statementMap":{"0":{"start":{"line":1,"column":0},"end":{"line":1,"column":47}},"1":{"start":{"line":2,"column":0},"end":{"line":2,"column":48}},"2":{"start":{"line":3,"column":0},"end":{"line":3,"column":43}},"3":{"start":{"line":5,"column":17},"end":{"line":46,"column":1}},"4":{"start":{"line":6,"column":36},"end":{"line":6,"column":46}},"5":{"start":{"line":7,"column":19},"end":{"line":7,"column":32}},"6":{"start":{"line":9,"column":2},"end":{"line":9,"column":44}},"7":{"start":{"line":9,"column":15},"end":{"line":9,"column":44}},"8":{"start":{"line":10,"column":2},"end":{"line":10,"column":46}},"9":{"start":{"line":10,"column":13},"end":{"line":10,"column":46}},"10":{"start":{"line":12,"column":2},"end":{"line":45,"column":4}},"11":{"start":{"line":27,"column":12},"end":{"line":27,"column":null}},"12":{"start":{"line":34,"column":33},"end":{"line":34,"column":61}},"13":{"start":{"line":48,"column":0},"end":{"line":48,"column":24}}},"fnMap":{"0":{"name":"(anonymous_1)","decl":{"start":{"line":5,"column":17},"end":{"line":5,"column":20}},"loc":{"start":{"line":5,"column":22},"end":{"line":46,"column":1}}},"1":{"name":"(anonymous_2)","decl":{"start":{"line":26,"column":21},"end":{"line":26,"column":22}},"loc":{"start":{"line":27,"column":12},"end":{"line":27,"column":null}}},"2":{"name":"(anonymous_3)","decl":{"start":{"line":34,"column":27},"end":{"line":34,"column":30}},"loc":{"start":{"line":34,"column":33},"end":{"line":34,"column":61}}}},"branchMap":{"0":{"loc":{"start":{"line":9,"column":2},"end":{"line":9,"column":44}},"type":"if","locations":[{"start":{"line":9,"column":2},"end":{"line":9,"column":44}}]},"1":{"loc":{"start":{"line":10,"column":2},"end":{"line":10,"column":46}},"type":"if","locations":[{"start":{"line":10,"column":2},"end":{"line":10,"column":46}}]}},"s":{"0":1,"1":1,"2":1,"3":1,"4":3,"5":3,"6":3,"7":1,"8":2,"9":1,"10":1,"11":1,"12":0,"13":1},"f":{"0":3,"1":1,"2":0},"b":{"0":[1],"1":[1]}}
,"/Users/blenassefa/Documents/Current Resume/Techincal Assesments/book-management/Book-Inventory-Management/frontend/src/components/ErrorBoundary/ErrorBoundary.tsx": {"path":"/Users/blenassefa/Documents/Current Resume/Techincal Assesments/book-management/Book-Inventory-Management/frontend/src/components/ErrorBoundary/ErrorBoundary.tsx","statementMap":{"0":{"start":{"line":1,"column":0},"end":{"line":1,"column":66}},"1":{"start":{"line":13,"column":9},"end":{"line":15,"column":4}},"2":{"start":{"line":18,"column":4},"end":{"line":18,"column":37}},"3":{"start":{"line":22,"column":4},"end":{"line":22,"column":55}},"4":{"start":{"line":26,"column":4},"end":{"line":36,"column":5}},"5":{"start":{"line":27,"column":6},"end":{"line":35,"column":8}},"6":{"start":{"line":31,"column":33},"end":{"line":31,"column":67}},"7":{"start":{"line":38,"column":4},"end":{"line":38,"column":31}},"8":{"start":{"line":42,"column":0},"end":{"line":42,"column":29}}},"fnMap":{"0":{"name":"(anonymous_0)","decl":{"start":{"line":12,"column":0},"end":{"line":12,"column":6}},"loc":{"start":{"line":12,"column":0},"end":{"line":40,"column":1}}},"1":{"name":"(anonymous_1)","decl":{"start":{"line":17,"column":9},"end":{"line":17,"column":15}},"loc":{"start":{"line":17,"column":53},"end":{"line":19,"column":3}}},"2":{"name":"(anonymous_2)","decl":{"start":{"line":21,"column":9},"end":{"line":21,"column":26}},"loc":{"start":{"line":21,"column":61},"end":{"line":23,"column":3}}},"3":{"name":"(anonymous_3)","decl":{"start":{"line":25,"column":9},"end":{"line":25,"column":15}},"loc":{"start":{"line":25,"column":15},"end":{"line":39,"column":3}}},"4":{"name":"(anonymous_4)","decl":{"start":{"line":31,"column":27},"end":{"line":31,"column":30}},"loc":{"start":{"line":31,"column":33},"end":{"line":31,"column":67}}}},"branchMap":{"0":{"loc":{"start":{"line":26,"column":4},"end":{"line":36,"column":5}},"type":"if","locations":[{"start":{"line":26,"column":4},"end":{"line":36,"column":5}}]},"1":{"loc":{"start":{"line":30,"column":14},"end":{"line":30,"column":39}},"type":"cond-expr","locations":[{"start":{"line":30,"column":30},"end":{"line":30,"column":32}},{"start":{"line":30,"column":30},"end":{"line":30,"column":39}}]},"2":{"loc":{"start":{"line":30,"column":14},"end":{"line":30,"column":32}},"type":"binary-expr","locations":[{"start":{"line":30,"column":14},"end":{"line":30,"column":32}},{"start":{"line":30,"column":30},"end":{"line":30,"column":32}}]}},"s":{"0":1,"1":2,"2":2,"3":1,"4":4,"5":2,"6":0,"7":2,"8":1},"f":{"0":3,"1":2,"2":1,"3":4,"4":0},"b":{"0":[2],"1":[0,2],"2":[2,2]}}
,"/Users/blenassefa/Documents/Current Resume/Techincal Assesments/book-management/Book-Inventory-Management/frontend/src/components/Layout/Layout.tsx": {"path":"/Users/blenassefa/Documents/Current Resume/Techincal Assesments/book-management/Book-Inventory-Management/frontend/src/components/Layout/Layout.tsx","statementMap":{"0":{"start":{"line":1,"column":0},"end":{"line":1,"column":48}},"1":{"start":{"line":2,"column":0},"end":{"line":2,"column":41}},"2":{"start":{"line":4,"column":15},"end":{"line":20,"column":1}},"3":{"start":{"line":5,"column":2},"end":{"line":19,"column":4}},"4":{"start":{"line":22,"column":0},"end":{"line":22,"column":22}}},"fnMap":{"0":{"name":"(anonymous_1)","decl":{"start":{"line":4,"column":15},"end":{"line":4,"column":18}},"loc":{"start":{"line":4,"column":20},"end":{"line":20,"column":1}}}},"branchMap":{},"s":{"0":0,"1":0,"2":0,"3":0,"4":0},"f":{"0":0},"b":{}}
,"/Users/blenassefa/Documents/Current Resume/Techincal Assesments/book-management/Book-Inventory-Management/frontend/src/hooks/useBooks.ts": {"path":"/Users/blenassefa/Documents/Current Resume/Techincal Assesments/book-management/Book-Inventory-Management/frontend/src/hooks/useBooks.ts","statementMap":{"0":{"start":{"line":1,"column":0},"end":{"line":1,"column":34}},"1":{"start":{"line":2,"column":0},"end":{"line":2,"column":55}},"2":{"start":{"line":4,"column":0},"end":{"line":4,"column":45}},"3":{"start":{"line":5,"column":0},"end":{"line":5,"column":null}},"4":{"start":{"line":11,"column":24},"end":{"line":34,"column":1}},"5":{"start":{"line":12,"column":19},"end":{"line":12,"column":45}},"6":{"start":{"line":13,"column":36},"end":{"line":14,"column":null}},"7":{"start":{"line":14,"column":26},"end":{"line":14,"column":37}},"8":{"start":{"line":17,"column":2},"end":{"line":31,"column":17}},"9":{"start":{"line":18,"column":22},"end":{"line":28,"column":6}},"10":{"start":{"line":18,"column":33},"end":{"line":28,"column":6}},"11":{"start":{"line":19,"column":6},"end":{"line":27,"column":7}},"12":{"start":{"line":20,"column":8},"end":{"line":20,"column":34}},"13":{"start":{"line":21,"column":22},"end":{"line":21,"column":40}},"14":{"start":{"line":22,"column":8},"end":{"line":22,"column":41}},"15":{"start":{"line":24,"column":8},"end":{"line":26,"column":10}},"16":{"start":{"line":30,"column":4},"end":{"line":30,"column":16}},"17":{"start":{"line":33,"column":2},"end":{"line":33,"column":35}},"18":{"start":{"line":11,"column":13},"end":{"line":11,"column":24}}},"fnMap":{"0":{"name":"(anonymous_7)","decl":{"start":{"line":11,"column":24},"end":{"line":11,"column":27}},"loc":{"start":{"line":11,"column":29},"end":{"line":34,"column":1}}},"1":{"name":"(anonymous_8)","decl":{"start":{"line":14,"column":4},"end":{"line":14,"column":5}},"loc":{"start":{"line":14,"column":26},"end":{"line":14,"column":37}}},"2":{"name":"(anonymous_9)","decl":{"start":{"line":17,"column":12},"end":{"line":17,"column":15}},"loc":{"start":{"line":17,"column":17},"end":{"line":31,"column":3}}},"3":{"name":"(anonymous_10)","decl":{"start":{"line":18,"column":22},"end":{"line":18,"column":31}},"loc":{"start":{"line":18,"column":33},"end":{"line":28,"column":6}}},"4":{"name":"(anonymous_11)","decl":{"start":{"line":18,"column":33},"end":{"line":18,"column":null}},"loc":{"start":{"line":18,"column":33},"end":{"line":28,"column":5}}}},"branchMap":{"0":{"loc":{"start":{"line":25,"column":26},"end":{"line":25,"column":78}},"type":"cond-expr","locations":[{"start":{"line":25,"column":49},"end":{"line":25,"column":60}},{"start":{"line":25,"column":63},"end":{"line":25,"column":78}}]}},"s":{"0":0,"1":0,"2":0,"3":0,"4":0,"5":0,"6":0,"7":0,"8":0,"9":0,"10":0,"11":0,"12":0,"13":0,"14":0,"15":0,"16":0,"17":0,"18":0},"f":{"0":0,"1":0,"2":0,"3":0,"4":0},"b":{"0":[0,0]}}
,"/Users/blenassefa/Documents/Current Resume/Techincal Assesments/book-management/Book-Inventory-Management/frontend/src/services/api.ts": {"path":"/Users/blenassefa/Documents/Current Resume/Techincal Assesments/book-management/Book-Inventory-Management/frontend/src/services/api.ts","statementMap":{"0":{"start":{"line":1,"column":0},"end":{"line":1,"column":26}},"1":{"start":{"line":4,"column":21},"end":{"line":4,"column":54}},"2":{"start":{"line":6,"column":26},"end":{"line":9,"column":2}},"3":{"start":{"line":6,"column":37},"end":{"line":9,"column":2}},"4":{"start":{"line":7,"column":19},"end":{"line":7,"column":56}},"5":{"start":{"line":8,"column":2},"end":{"line":8,"column":23}},"6":{"start":{"line":6,"column":13},"end":{"line":6,"column":26}},"7":{"start":{"line":11,"column":23},"end":{"line":14,"column":2}},"8":{"start":{"line":11,"column":52},"end":{"line":14,"column":2}},"9":{"start":{"line":12,"column":19},"end":{"line":12,"column":61}},"10":{"start":{"line":13,"column":2},"end":{"line":13,"column":23}},"11":{"start":{"line":11,"column":13},"end":{"line":11,"column":23}},"12":{"start":{"line":16,"column":26},"end":{"line":19,"column":2}},"13":{"start":{"line":16,"column":67},"end":{"line":19,"column":2}},"14":{"start":{"line":17,"column":19},"end":{"line":17,"column":71}},"15":{"start":{"line":18,"column":2},"end":{"line":18,"column":23}},"16":{"start":{"line":16,"column":13},"end":{"line":16,"column":26}},"17":{"start":{"line":21,"column":26},"end":{"line":23,"column":2}},"18":{"start":{"line":21,"column":47},"end":{"line":23,"column":2}},"19":{"start":{"line":22,"column":2},"end":{"line":22,"column":46}},"20":{"start":{"line":21,"column":13},"end":{"line":21,"column":26}}},"fnMap":{"0":{"name":"(anonymous_8)","decl":{"start":{"line":6,"column":26},"end":{"line":6,"column":35}},"loc":{"start":{"line":6,"column":37},"end":{"line":9,"column":2}}},"1":{"name":"(anonymous_9)","decl":{"start":{"line":6,"column":37},"end":{"line":6,"column":null}},"loc":{"start":{"line":6,"column":37},"end":{"line":9,"column":1}}},"2":{"name":"(anonymous_10)","decl":{"start":{"line":11,"column":23},"end":{"line":11,"column":30}},"loc":{"start":{"line":11,"column":52},"end":{"line":14,"column":2}}},"3":{"name":"(anonymous_11)","decl":{"start":{"line":11,"column":52},"end":{"line":11,"column":null}},"loc":{"start":{"line":11,"column":52},"end":{"line":14,"column":1}}},"4":{"name":"(anonymous_12)","decl":{"start":{"line":16,"column":26},"end":{"line":16,"column":33}},"loc":{"start":{"line":16,"column":67},"end":{"line":19,"column":2}}},"5":{"name":"(anonymous_13)","decl":{"start":{"line":16,"column":67},"end":{"line":16,"column":null}},"loc":{"start":{"line":16,"column":67},"end":{"line":19,"column":1}}},"6":{"name":"(anonymous_14)","decl":{"start":{"line":21,"column":26},"end":{"line":21,"column":33}},"loc":{"start":{"line":21,"column":47},"end":{"line":23,"column":2}}},"7":{"name":"(anonymous_15)","decl":{"start":{"line":21,"column":47},"end":{"line":21,"column":null}},"loc":{"start":{"line":21,"column":47},"end":{"line":23,"column":1}}}},"branchMap":{},"s":{"0":1,"1":1,"2":1,"3":1,"4":1,"5":1,"6":1,"7":1,"8":1,"9":1,"10":1,"11":1,"12":1,"13":1,"14":1,"15":1,"16":1,"17":1,"18":1,"19":1,"20":1},"f":{"0":1,"1":1,"2":1,"3":1,"4":1,"5":1,"6":1,"7":1},"b":{}}
,"/Users/blenassefa/Documents/Current Resume/Techincal Assesments/book-management/Book-Inventory-Management/frontend/src/store/bookSlice.ts": {"path":"/Users/blenassefa/Documents/Current Resume/Techincal Assesments/book-management/Book-Inventory-Management/frontend/src/store/bookSlice.ts","statementMap":{"0":{"start":{"line":1,"column":0},"end":{"line":1,"column":67}},"1":{"start":{"line":10,"column":33},"end":{"line":14,"column":2}},"2":{"start":{"line":16,"column":18},"end":{"line":47,"column":2}},"3":{"start":{"line":21,"column":6},"end":{"line":21,"column":27}},"4":{"start":{"line":22,"column":6},"end":{"line":22,"column":25}},"5":{"start":{"line":25,"column":6},"end":{"line":25,"column":35}},"6":{"start":{"line":26,"column":6},"end":{"line":26,"column":28}},"7":{"start":{"line":29,"column":6},"end":{"line":29,"column":28}},"8":{"start":{"line":30,"column":6},"end":{"line":30,"column":35}},"9":{"start":{"line":33,"column":6},"end":{"line":33,"column":39}},"10":{"start":{"line":36,"column":20},"end":{"line":37,"column":null}},"11":{"start":{"line":37,"column":18},"end":{"line":37,"column":47}},"12":{"start":{"line":39,"column":6},"end":{"line":41,"column":7}},"13":{"start":{"line":40,"column":8},"end":{"line":40,"column":44}},"14":{"start":{"line":44,"column":6},"end":{"line":44,"column":77}},"15":{"start":{"line":44,"column":49},"end":{"line":44,"column":75}},"16":{"start":{"line":49,"column":13},"end":{"line":55,"column":null}},"17":{"start":{"line":58,"column":0},"end":{"line":58,"column":33}}},"fnMap":{"0":{"name":"(anonymous_0)","decl":{"start":{"line":20,"column":4},"end":{"line":20,"column":17}},"loc":{"start":{"line":20,"column":23},"end":{"line":23,"column":5}}},"1":{"name":"(anonymous_1)","decl":{"start":{"line":24,"column":4},"end":{"line":24,"column":19}},"loc":{"start":{"line":24,"column":56},"end":{"line":27,"column":5}}},"2":{"name":"(anonymous_2)","decl":{"start":{"line":28,"column":4},"end":{"line":28,"column":19}},"loc":{"start":{"line":28,"column":56},"end":{"line":31,"column":5}}},"3":{"name":"(anonymous_3)","decl":{"start":{"line":32,"column":4},"end":{"line":32,"column":11}},"loc":{"start":{"line":32,"column":46},"end":{"line":34,"column":5}}},"4":{"name":"(anonymous_4)","decl":{"start":{"line":35,"column":4},"end":{"line":35,"column":14}},"loc":{"start":{"line":35,"column":49},"end":{"line":42,"column":5}}},"5":{"name":"(anonymous_5)","decl":{"start":{"line":37,"column":8},"end":{"line":37,"column":9}},"loc":{"start":{"line":37,"column":18},"end":{"line":37,"column":47}}},"6":{"name":"(anonymous_6)","decl":{"start":{"line":43,"column":4},"end":{"line":43,"column":14}},"loc":{"start":{"line":43,"column":51},"end":{"line":45,"column":5}}},"7":{"name":"(anonymous_7)","decl":{"start":{"line":44,"column":39},"end":{"line":44,"column":40}},"loc":{"start":{"line":44,"column":49},"end":{"line":44,"column":75}}}},"branchMap":{"0":{"loc":{"start":{"line":39,"column":6},"end":{"line":41,"column":7}},"type":"if","locations":[{"start":{"line":39,"column":6},"end":{"line":41,"column":7}}]}},"s":{"0":3,"1":3,"2":3,"3":1,"4":1,"5":1,"6":1,"7":1,"8":1,"9":1,"10":1,"11":1,"12":1,"13":1,"14":1,"15":2,"16":3,"17":3},"f":{"0":1,"1":1,"2":1,"3":1,"4":1,"5":1,"6":1,"7":2},"b":{"0":[1]}}
,"/Users/blenassefa/Documents/Current Resume/Techincal Assesments/book-management/Book-Inventory-Management/frontend/src/store/store.ts": {"path":"/Users/blenassefa/Documents/Current Resume/Techincal Assesments/book-management/Book-Inventory-Management/frontend/src/store/store.ts","statementMap":{"0":{"start":{"line":1,"column":0},"end":{"line":1,"column":49}},"1":{"start":{"line":2,"column":0},"end":{"line":2,"column":37}},"2":{"start":{"line":4,"column":13},"end":{"line":8,"column":null}}},"fnMap":{},"branchMap":{},"s":{"0":0,"1":0,"2":0},"f":{},"b":{}}
,"/Users/blenassefa/Documents/Current Resume/Techincal Assesments/book-management/Book-Inventory-Management/frontend/src/utils/validation.ts": {"path":"/Users/blenassefa/Documents/Current Resume/Techincal Assesments/book-management/Book-Inventory-Management/frontend/src/utils/validation.ts","statementMap":{"0":{"start":{"line":3,"column":28},"end":{"line":33,"column":1}},"1":{"start":{"line":4,"column":62},"end":{"line":4,"column":64}},"2":{"start":{"line":6,"column":2},"end":{"line":8,"column":3}},"3":{"start":{"line":7,"column":4},"end":{"line":7,"column":39}},"4":{"start":{"line":10,"column":2},"end":{"line":12,"column":3}},"5":{"start":{"line":11,"column":4},"end":{"line":11,"column":41}},"6":{"start":{"line":14,"column":2},"end":{"line":18,"column":3}},"7":{"start":{"line":15,"column":4},"end":{"line":15,"column":37}},"8":{"start":{"line":16,"column":9},"end":{"line":18,"column":3}},"9":{"start":{"line":17,"column":4},"end":{"line":17,"column":53}},"10":{"start":{"line":20,"column":2},"end":{"line":22,"column":3}},"11":{"start":{"line":21,"column":4},"end":{"line":21,"column":56}},"12":{"start":{"line":24,"column":2},"end":{"line":26,"column":3}},"13":{"start":{"line":25,"column":4},"end":{"line":25,"column":39}},"14":{"start":{"line":28,"column":2},"end":{"line":30,"column":3}},"15":{"start":{"line":29,"column":4},"end":{"line":29,"column":39}},"16":{"start":{"line":32,"column":2},"end":{"line":32,"column":16}},"17":{"start":{"line":3,"column":13},"end":{"line":3,"column":28}}},"fnMap":{"0":{"name":"(anonymous_0)","decl":{"start":{"line":3,"column":28},"end":{"line":3,"column":29}},"loc":{"start":{"line":3,"column":51},"end":{"line":33,"column":1}}}},"branchMap":{"0":{"loc":{"start":{"line":6,"column":2},"end":{"line":8,"column":3}},"type":"if","locations":[{"start":{"line":6,"column":2},"end":{"line":8,"column":3}}]},"1":{"loc":{"start":{"line":10,"column":2},"end":{"line":12,"column":3}},"type":"if","locations":[{"start":{"line":10,"column":2},"end":{"line":12,"column":3}}]},"2":{"loc":{"start":{"line":14,"column":2},"end":{"line":18,"column":3}},"type":"if","locations":[{"start":{"line":14,"column":2},"end":{"line":18,"column":3}},{"start":{"line":16,"column":9},"end":{"line":18,"column":3}}]},"3":{"loc":{"start":{"line":16,"column":9},"end":{"line":18,"column":3}},"type":"if","locations":[{"start":{"line":16,"column":9},"end":{"line":18,"column":3}}]},"4":{"loc":{"start":{"line":16,"column":13},"end":{"line":16,"column":63}},"type":"binary-expr","locations":[{"start":{"line":16,"column":13},"end":{"line":16,"column":36}},{"start":{"line":16,"column":40},"end":{"line":16,"column":63}}]},"5":{"loc":{"start":{"line":20,"column":2},"end":{"line":22,"column":3}},"type":"if","locations":[{"start":{"line":20,"column":2},"end":{"line":22,"column":3}}]},"6":{"loc":{"start":{"line":24,"column":2},"end":{"line":26,"column":3}},"type":"if","locations":[{"start":{"line":24,"column":2},"end":{"line":26,"column":3}}]},"7":{"loc":{"start":{"line":28,"column":2},"end":{"line":30,"column":3}},"type":"if","locations":[{"start":{"line":28,"column":2},"end":{"line":30,"column":3}}]}},"s":{"0":2,"1":3,"2":3,"3":1,"4":3,"5":1,"6":3,"7":1,"8":2,"9":1,"10":3,"11":0,"12":3,"13":0,"14":3,"15":0,"16":3,"17":2},"f":{"0":3},"b":{"0":[1],"1":[1],"2":[1,2],"3":[1],"4":[2,1],"5":[0],"6":[0],"7":[0]}}
}
